<?xml version="1.0" encoding="UTF-8"?>
<testng-results ignored="0" total="5" passed="5" failed="0" skipped="0">
  <reporter-output>
  </reporter-output>
  <suite started-at="2022-08-03T22:43:18 IST" name="Suite" finished-at="2022-08-03T22:44:27 IST" duration-ms="68940">
    <groups>
      <group name="cucumber">
        <method signature="AbstractTestNGCucumberTests.runScenario(io.cucumber.testng.PickleWrapper,io.cucumber.testng.FeatureWrapper)[pri:0, instance:automation.wj4_briefcog_test.runner.testNG_TestRunner@6f1de4c7]" name="runScenario" class="io.cucumber.testng.AbstractTestNGCucumberTests"/>
      </group> <!-- cucumber -->
    </groups>
    <test started-at="2022-08-03T22:43:18 IST" name="Test" finished-at="2022-08-03T22:44:27 IST" duration-ms="68940">
      <class name="automation.wj4_briefcog_test.runner.testNG_TestRunner">
        <test-method is-config="true" signature="setUpClass(org.testng.ITestContext)[pri:0, instance:automation.wj4_briefcog_test.runner.testNG_TestRunner@6f1de4c7]" started-at="2022-08-03T22:43:18 IST" name="setUpClass" finished-at="2022-08-03T22:43:19 IST" duration-ms="650" status="PASS">
          <params>
            <param index="0">
              <value>
                <![CDATA[org.testng.TestRunner@3520958b]]>
              </value>
            </param>
          </params>
          <reporter-output>
          </reporter-output>
        </test-method> <!-- setUpClass -->
        <test-method signature="runScenario(io.cucumber.testng.PickleWrapper,io.cucumber.testng.FeatureWrapper)[pri:0, instance:automation.wj4_briefcog_test.runner.testNG_TestRunner@6f1de4c7]" started-at="2022-08-03T22:43:19 IST" name="runScenario" description="Runs Cucumber Scenarios" data-provider="scenarios" finished-at="2022-08-03T22:43:44 IST" duration-ms="25330" status="PASS">
          <params>
            <param index="0">
              <value>
                <![CDATA["Login to Wj4 BriedCog product Organization Management"]]>
              </value>
            </param>
            <param index="1">
              <value>
                <![CDATA["verifying the Wj4 Brief Cog features"]]>
              </value>
            </param>
          </params>
          <reporter-output>
          </reporter-output>
        </test-method> <!-- runScenario -->
        <test-method signature="runScenario(io.cucumber.testng.PickleWrapper,io.cucumber.testng.FeatureWrapper)[pri:0, instance:automation.wj4_briefcog_test.runner.testNG_TestRunner@6f1de4c7]" started-at="2022-08-03T22:43:19 IST" name="runScenario" description="Runs Cucumber Scenarios" data-provider="scenarios" finished-at="2022-08-03T22:43:43 IST" duration-ms="24270" status="PASS">
          <params>
            <param index="0">
              <value>
                <![CDATA["Login to Wj4 BriedCog product Block Management"]]>
              </value>
            </param>
            <param index="1">
              <value>
                <![CDATA["verifying the Wj4 Brief Cog features"]]>
              </value>
            </param>
          </params>
          <reporter-output>
          </reporter-output>
        </test-method> <!-- runScenario -->
        <test-method signature="runScenario(io.cucumber.testng.PickleWrapper,io.cucumber.testng.FeatureWrapper)[pri:0, instance:automation.wj4_briefcog_test.runner.testNG_TestRunner@6f1de4c7]" started-at="2022-08-03T22:43:43 IST" name="runScenario" description="Runs Cucumber Scenarios" data-provider="scenarios" finished-at="2022-08-03T22:44:08 IST" duration-ms="24690" status="PASS">
          <params>
            <param index="0">
              <value>
                <![CDATA["Login to Wj4 BriedCog product Examiner Management"]]>
              </value>
            </param>
            <param index="1">
              <value>
                <![CDATA["verifying the Wj4 Brief Cog features"]]>
              </value>
            </param>
          </params>
          <reporter-output>
          </reporter-output>
        </test-method> <!-- runScenario -->
        <test-method signature="runScenario(io.cucumber.testng.PickleWrapper,io.cucumber.testng.FeatureWrapper)[pri:0, instance:automation.wj4_briefcog_test.runner.testNG_TestRunner@6f1de4c7]" started-at="2022-08-03T22:43:44 IST" name="runScenario" description="Runs Cucumber Scenarios" data-provider="scenarios" finished-at="2022-08-03T22:44:07 IST" duration-ms="22796" status="PASS">
          <params>
            <param index="0">
              <value>
                <![CDATA["Login to Wj4 BriedCog product Examinee Management"]]>
              </value>
            </param>
            <param index="1">
              <value>
                <![CDATA["verifying the Wj4 Brief Cog features"]]>
              </value>
            </param>
          </params>
          <reporter-output>
          </reporter-output>
        </test-method> <!-- runScenario -->
        <test-method signature="runScenario(io.cucumber.testng.PickleWrapper,io.cucumber.testng.FeatureWrapper)[pri:0, instance:automation.wj4_briefcog_test.runner.testNG_TestRunner@6f1de4c7]" started-at="2022-08-03T22:44:07 IST" name="runScenario" description="Runs Cucumber Scenarios" data-provider="scenarios" finished-at="2022-08-03T22:44:27 IST" duration-ms="19736" status="PASS">
          <params>
            <param index="0">
              <value>
                <![CDATA["Login to Wj4 BriedCog product Report"]]>
              </value>
            </param>
            <param index="1">
              <value>
                <![CDATA["verifying the Wj4 Brief Cog features"]]>
              </value>
            </param>
          </params>
          <reporter-output>
          </reporter-output>
        </test-method> <!-- runScenario -->
        <test-method is-config="true" signature="tearDownClass()[pri:0, instance:automation.wj4_briefcog_test.runner.testNG_TestRunner@6f1de4c7]" started-at="2022-08-03T22:44:27 IST" name="tearDownClass" finished-at="2022-08-03T22:44:27 IST" duration-ms="370" status="PASS">
          <reporter-output>
          </reporter-output>
        </test-method> <!-- tearDownClass -->
      </class> <!-- automation.wj4_briefcog_test.runner.testNG_TestRunner -->
    </test> <!-- Test -->
  </suite> <!-- Suite -->
</testng-results>
