<?xml version="1.0" encoding="UTF-8"?>
<testng-results ignored="0" total="1" passed="1" failed="0" skipped="0">
  <reporter-output>
  </reporter-output>
  <suite started-at="2022-07-29T16:11:31 IST" name="Suite" finished-at="2022-07-29T16:11:56 IST" duration-ms="25150">
    <groups>
      <group name="cucumber">
        <method signature="AbstractTestNGCucumberTests.runScenario(io.cucumber.testng.PickleWrapper,io.cucumber.testng.FeatureWrapper)[pri:0, instance:automation.wj4_briefcog_test.runner.testNG_TestRunner@4c371370]" name="runScenario" class="io.cucumber.testng.AbstractTestNGCucumberTests"/>
      </group> <!-- cucumber -->
    </groups>
    <test started-at="2022-07-29T16:11:31 IST" name="Test" finished-at="2022-07-29T16:11:56 IST" duration-ms="25150">
      <class name="automation.wj4_briefcog_test.runner.testNG_TestRunner">
        <test-method is-config="true" signature="setUpClass(org.testng.ITestContext)[pri:0, instance:automation.wj4_briefcog_test.runner.testNG_TestRunner@4c371370]" started-at="2022-07-29T16:11:31 IST" name="setUpClass" finished-at="2022-07-29T16:11:32 IST" duration-ms="932" status="PASS">
          <params>
            <param index="0">
              <value>
                <![CDATA[org.testng.TestRunner@10d68fcd]]>
              </value>
            </param>
          </params>
          <reporter-output>
          </reporter-output>
        </test-method> <!-- setUpClass -->
        <test-method signature="runScenario(io.cucumber.testng.PickleWrapper,io.cucumber.testng.FeatureWrapper)[pri:0, instance:automation.wj4_briefcog_test.runner.testNG_TestRunner@4c371370]" started-at="2022-07-29T16:11:32 IST" name="runScenario" description="Runs Cucumber Scenarios" data-provider="scenarios" finished-at="2022-07-29T16:11:55 IST" duration-ms="23632" status="PASS">
          <params>
            <param index="0">
              <value>
                <![CDATA["Login to Wj4 BriedCog product"]]>
              </value>
            </param>
            <param index="1">
              <value>
                <![CDATA["verifying the login add examinee and add examiner features"]]>
              </value>
            </param>
          </params>
          <reporter-output>
          </reporter-output>
        </test-method> <!-- runScenario -->
        <test-method is-config="true" signature="tearDownClass()[pri:0, instance:automation.wj4_briefcog_test.runner.testNG_TestRunner@4c371370]" started-at="2022-07-29T16:11:55 IST" name="tearDownClass" finished-at="2022-07-29T16:11:56 IST" duration-ms="523" status="PASS">
          <reporter-output>
          </reporter-output>
        </test-method> <!-- tearDownClass -->
      </class> <!-- automation.wj4_briefcog_test.runner.testNG_TestRunner -->
    </test> <!-- Test -->
  </suite> <!-- Suite -->
</testng-results>
