<?xml version="1.0" encoding="UTF-8"?>
<testng-results ignored="0" total="1" passed="1" failed="0" skipped="0">
  <reporter-output>
  </reporter-output>
  <suite started-at="2022-08-04T22:04:59 IST" name="Default suite" finished-at="2022-08-04T22:05:35 IST" duration-ms="35868">
    <groups>
      <group name="cucumber">
        <method signature="AbstractTestNGCucumberTests.runScenario(io.cucumber.testng.PickleWrapper,io.cucumber.testng.FeatureWrapper)[pri:0, instance:automation.wj4_briefcog_test.runner.testNG_TestRunner@cecf639]" name="runScenario" class="io.cucumber.testng.AbstractTestNGCucumberTests"/>
      </group> <!-- cucumber -->
    </groups>
    <test started-at="2022-08-04T22:04:59 IST" name="Default test" finished-at="2022-08-04T22:05:35 IST" duration-ms="35868">
      <class name="automation.wj4_briefcog_test.runner.testNG_TestRunner">
        <test-method is-config="true" signature="setUpClass(org.testng.ITestContext)[pri:0, instance:automation.wj4_briefcog_test.runner.testNG_TestRunner@cecf639]" started-at="2022-08-04T22:04:59 IST" name="setUpClass" finished-at="2022-08-04T22:05:00 IST" duration-ms="664" status="PASS">
          <params>
            <param index="0">
              <value>
                <![CDATA[org.testng.TestRunner@2e349cf2]]>
              </value>
            </param>
          </params>
          <reporter-output>
          </reporter-output>
        </test-method> <!-- setUpClass -->
        <test-method signature="runScenario(io.cucumber.testng.PickleWrapper,io.cucumber.testng.FeatureWrapper)[pri:0, instance:automation.wj4_briefcog_test.runner.testNG_TestRunner@cecf639]" started-at="2022-08-04T22:05:00 IST" name="runScenario" description="Runs Cucumber Scenarios" data-provider="scenarios" finished-at="2022-08-04T22:05:35 IST" duration-ms="34763" status="PASS">
          <params>
            <param index="0">
              <value>
                <![CDATA["Login to Wj4 BriedCog product Examinee Management"]]>
              </value>
            </param>
            <param index="1">
              <value>
                <![CDATA["verifying the Wj4 Brief Cog features"]]>
              </value>
            </param>
          </params>
          <reporter-output>
          </reporter-output>
        </test-method> <!-- runScenario -->
        <test-method is-config="true" signature="tearDownClass()[pri:0, instance:automation.wj4_briefcog_test.runner.testNG_TestRunner@cecf639]" started-at="2022-08-04T22:05:35 IST" name="tearDownClass" finished-at="2022-08-04T22:05:35 IST" duration-ms="406" status="PASS">
          <reporter-output>
          </reporter-output>
        </test-method> <!-- tearDownClass -->
      </class> <!-- automation.wj4_briefcog_test.runner.testNG_TestRunner -->
    </test> <!-- Default test -->
  </suite> <!-- Default suite -->
</testng-results>
